[ERROR] 2023-04-06 09:22:17.220 [Test worker] ApiController - com.structurizr.onpremises.web.api.HttpUnauthorizedException: Authorization header must be provided
[ERROR] 2023-04-06 09:22:17.251 [Test worker] ApiController - java.lang.NullPointerException: Cannot invoke "com.structurizr.onpremises.component.search.SearchComponent.index(com.structurizr.Workspace)" because "this.searchComponent" is null
[ERROR] 2023-04-06 09:22:17.253 [Test worker] ApiController - com.structurizr.onpremises.web.api.HttpUnauthorizedException: MD5 hash doesn't match content
[ERROR] 2023-04-06 09:22:17.255 [Test worker] ApiController - com.structurizr.onpremises.web.api.HttpUnauthorizedException: Request header missing: Content-MD5
[ERROR] 2023-04-06 09:22:17.260 [Test worker] ApiController - java.lang.IllegalArgumentException: Invalid authorization header
[ERROR] 2023-04-06 09:22:17.262 [Test worker] ApiController - com.structurizr.onpremises.web.api.HttpUnauthorizedException: Incorrect API key
[ERROR] 2023-04-06 09:22:17.264 [Test worker] ApiController - com.structurizr.onpremises.web.api.HttpUnauthorizedException: Authorization header must be provided
[ERROR] 2023-04-06 09:22:17.266 [Test worker] ApiController - com.structurizr.onpremises.web.api.HttpUnauthorizedException: Request header missing: Nonce
[ERROR] 2023-04-06 09:22:20.981 [Test worker] ApacheLuceneSearchComponentImpl - java.nio.file.NoSuchFileException: ./build/ApacheLuceneSearchComponentTests/index
[ERROR] 2023-04-06 09:22:21.293 [Test worker] ApacheLuceneSearchComponentImpl - java.nio.file.NoSuchFileException: ./build/ApacheLuceneSearchComponentTests/index
[ERROR] 2023-04-06 09:22:21.359 [Test worker] ApacheLuceneSearchComponentImpl - java.nio.file.NoSuchFileException: ./build/ApacheLuceneSearchComponentTests/index
[ERROR] 2023-04-06 09:22:21.441 [Test worker] ApacheLuceneSearchComponentImpl - java.nio.file.NoSuchFileException: ./build/ApacheLuceneSearchComponentTests/index
[ERROR] 2023-04-06 09:22:21.508 [Test worker] ApacheLuceneSearchComponentImpl - java.nio.file.NoSuchFileException: ./build/ApacheLuceneSearchComponentTests/index
[ERROR] 2023-04-06 09:22:21.569 [Test worker] ApacheLuceneSearchComponentImpl - java.nio.file.NoSuchFileException: ./build/ApacheLuceneSearchComponentTests/index
[ERROR] 2023-04-06 09:22:21.625 [Test worker] ApacheLuceneSearchComponentImpl - java.nio.file.NoSuchFileException: ./build/ApacheLuceneSearchComponentTests/index
[ERROR] 2023-04-06 09:22:21.747 [Test worker] ApacheLuceneSearchComponentImpl - java.nio.file.NoSuchFileException: ./build/ApacheLuceneSearchComponentTests/index
[ERROR] 2023-04-06 09:22:21.749 [Test worker] ApacheLuceneSearchComponentImpl - java.nio.file.NoSuchFileException: ./build/ApacheLuceneSearchComponentTests/index
[ERROR] 2023-04-06 09:22:21.860 [Test worker] ApacheLuceneSearchComponentImpl - java.nio.file.NoSuchFileException: ./build/ApacheLuceneSearchComponentTests/index
[ERROR] 2023-04-06 09:22:21.919 [Test worker] ApacheLuceneSearchComponentImpl - java.nio.file.NoSuchFileException: ./build/ApacheLuceneSearchComponentTests/index
[ERROR] 2023-04-06 09:22:21.975 [Test worker] ApacheLuceneSearchComponentImpl - java.nio.file.NoSuchFileException: ./build/ApacheLuceneSearchComponentTests/index
